t:\uni\5_sem\concurrentserver\client\debug\vc142.pdb
t:\uni\5_sem\concurrentserver\client\debug\vc142.idb
t:\uni\5_sem\concurrentserver\client\debug\client.obj
t:\uni\5_sem\concurrentserver\sh_laba_8_10\debug\client.ilk
t:\uni\5_sem\concurrentserver\sh_laba_8_10\debug\client.exe
t:\uni\5_sem\concurrentserver\sh_laba_8_10\debug\client.pdb
d:\псп\lab8-10\client\debug\client.obj
d:\псп\lab8-10\client\debug\client.ilk
d:\псп\lab8-10\client\debug\vc142.idb
d:\псп\lab8-10\client\debug\vc142.pdb
d:\псп\lab8-10\sh_laba_8_10\debug\client.pdb
d:\псп\lab8-10\sh_laba_8_10\debug\client.exe
d:\псп\lab8-10\sh_laba_8_10\debug\client.ilk
d:\псп\lab8-10\client\debug\client.tlog\cl.command.1.tlog
d:\псп\lab8-10\client\debug\client.tlog\cl.read.1.tlog
d:\псп\lab8-10\client\debug\client.tlog\cl.write.1.tlog
d:\псп\lab8-10\client\debug\client.tlog\link.command.1.tlog
d:\псп\lab8-10\client\debug\client.tlog\link.delete.1.tlog
d:\псп\lab8-10\client\debug\client.tlog\link.read.1.tlog
d:\псп\lab8-10\client\debug\client.tlog\link.write.1.tlog
